  [1m[36m (13.3ms)[0m  [1mCREATE TABLE "schema_migrations" ("version" character varying NOT NULL) [0m
  [1m[35m (11.9ms)[0m  CREATE UNIQUE INDEX  "unique_schema_migrations" ON "schema_migrations"  ("version")
  [1m[36mActiveRecord::SchemaMigration Load (0.3ms)[0m  [1mSELECT "schema_migrations".* FROM "schema_migrations"[0m
  [1m[36m (2.4ms)[0m  [1mCREATE TABLE "schema_migrations" ("version" character varying NOT NULL) [0m
  [1m[35m (0.7ms)[0m  CREATE UNIQUE INDEX  "unique_schema_migrations" ON "schema_migrations"  ("version")
  [1m[36mActiveRecord::SchemaMigration Load (0.2ms)[0m  [1mSELECT "schema_migrations".* FROM "schema_migrations"[0m
  [1m[36mActiveRecord::SchemaMigration Load (0.2ms)[0m  [1mSELECT "schema_migrations".* FROM "schema_migrations"[0m
Migrating to CreateGroups (20151028061359)
  [1m[35m (0.1ms)[0m  BEGIN
  [1m[36m (4.2ms)[0m  [1mCREATE TABLE "groups" ("id" serial primary key, "name" character varying NOT NULL, "created_at" timestamp NOT NULL, "updated_at" timestamp NOT NULL) [0m
  [1m[35m (0.7ms)[0m  CREATE UNIQUE INDEX  "index_groups_on_name" ON "groups"  ("name")
  [1m[36mSQL (0.2ms)[0m  [1mINSERT INTO "schema_migrations" ("version") VALUES ($1)[0m  [["version", "20151028061359"]]
  [1m[35m (12.1ms)[0m  COMMIT
  [1m[36mActiveRecord::SchemaMigration Load (0.2ms)[0m  [1mSELECT "schema_migrations".* FROM "schema_migrations"[0m
  [1m[35m (1.8ms)[0m  SELECT t2.oid::regclass::text AS to_table, a1.attname AS column, a2.attname AS primary_key, c.conname AS name, c.confupdtype AS on_update, c.confdeltype AS on_delete
FROM pg_constraint c
JOIN pg_class t1 ON c.conrelid = t1.oid
JOIN pg_class t2 ON c.confrelid = t2.oid
JOIN pg_attribute a1 ON a1.attnum = c.conkey[1] AND a1.attrelid = t1.oid
JOIN pg_attribute a2 ON a2.attnum = c.confkey[1] AND a2.attrelid = t2.oid
JOIN pg_namespace t3 ON c.connamespace = t3.oid
WHERE c.contype = 'f'
  AND t1.relname = 'groups'
  AND t3.nspname = ANY (current_schemas(false))
ORDER BY c.conname



Started GET "/" for ::1 at 2015-10-27 23:17:34 -0700
  [1m[36mActiveRecord::SchemaMigration Load (0.3ms)[0m  [1mSELECT "schema_migrations".* FROM "schema_migrations"[0m
Processing by Rails::WelcomeController#index as HTML
  Rendered /Users/dh/.rbenv/versions/2.2.3/lib/ruby/gems/2.2.0/gems/railties-4.2.4/lib/rails/templates/rails/welcome/index.html.erb (1.4ms)
Completed 200 OK in 8ms (Views: 7.8ms | ActiveRecord: 0.0ms)


Started GET "/groups" for ::1 at 2015-10-27 23:17:39 -0700
Processing by GroupsController#index as HTML
  [1m[35mGroup Load (0.4ms)[0m  SELECT "groups".* FROM "groups"
Completed 200 OK in 3ms (Views: 0.9ms | ActiveRecord: 0.9ms)


Started GET "/api/groups" for 127.0.0.1 at 2015-10-28 01:01:32 -0700
  [1m[36mActiveRecord::SchemaMigration Load (0.5ms)[0m  [1mSELECT "schema_migrations".* FROM "schema_migrations"[0m
Processing by GroupsController#index as HTML
  [1m[35mGroup Load (0.6ms)[0m  SELECT "groups".* FROM "groups"
Completed 200 OK in 4ms (Views: 1.0ms | ActiveRecord: 1.2ms)
  [1m[36mActiveRecord::SchemaMigration Load (0.2ms)[0m  [1mSELECT "schema_migrations".* FROM "schema_migrations"[0m
  [1m[35m (0.1ms)[0m  BEGIN
  [1m[36mSQL (13.1ms)[0m  [1mINSERT INTO "groups" ("name", "created_at", "updated_at") VALUES ($1, $2, $3) RETURNING "id"[0m  [["name", "Ben Franklin Labs"], ["created_at", "2015-10-28 08:04:44.474269"], ["updated_at", "2015-10-28 08:04:44.474269"]]
  [1m[35m (11.5ms)[0m  COMMIT
  [1m[36m (0.1ms)[0m  [1mBEGIN[0m
  [1m[35mSQL (0.3ms)[0m  INSERT INTO "groups" ("name", "created_at", "updated_at") VALUES ($1, $2, $3) RETURNING "id"  [["name", "Snip Salon Software"], ["created_at", "2015-10-28 08:04:44.511779"], ["updated_at", "2015-10-28 08:04:44.511779"]]
  [1m[36m (0.4ms)[0m  [1mCOMMIT[0m
  [1m[35m (0.1ms)[0m  BEGIN
  [1m[36mSQL (0.1ms)[0m  [1mINSERT INTO "groups" ("name", "created_at", "updated_at") VALUES ($1, $2, $3) RETURNING "id"[0m  [["name", "GloboChem"], ["created_at", "2015-10-28 08:04:44.513982"], ["updated_at", "2015-10-28 08:04:44.513982"]]
  [1m[35m (0.3ms)[0m  COMMIT
  [1m[36m (0.1ms)[0m  [1mBEGIN[0m
  [1m[35mSQL (0.1ms)[0m  INSERT INTO "groups" ("name", "created_at", "updated_at") VALUES ($1, $2, $3) RETURNING "id"  [["name", "TechCorp"], ["created_at", "2015-10-28 08:04:44.515717"], ["updated_at", "2015-10-28 08:04:44.515717"]]
  [1m[36m (0.3ms)[0m  [1mCOMMIT[0m


Started GET "/api/groups.json" for 127.0.0.1 at 2015-10-28 01:12:47 -0700
  [1m[36mActiveRecord::SchemaMigration Load (0.3ms)[0m  [1mSELECT "schema_migrations".* FROM "schema_migrations"[0m
Processing by GroupsController#index as JSON
  [1m[35mGroup Load (0.4ms)[0m  SELECT "groups".* FROM "groups"
Completed 200 OK in 7ms (Views: 3.9ms | ActiveRecord: 2.1ms)


Started GET "/api/groups.json" for 127.0.0.1 at 2015-10-28 02:17:42 -0700
  [1m[36mActiveRecord::SchemaMigration Load (0.4ms)[0m  [1mSELECT "schema_migrations".* FROM "schema_migrations"[0m
Processing by GroupsController#index as JSON
  [1m[35mGroup Load (0.5ms)[0m  SELECT "groups".* FROM "groups"
Completed 200 OK in 16ms (Views: 4.6ms | ActiveRecord: 9.3ms)


Started GET "/api/groups" for 127.0.0.1 at 2015-10-28 02:17:50 -0700
Processing by GroupsController#index as HTML
  [1m[36mGroup Load (0.2ms)[0m  [1mSELECT "groups".* FROM "groups"[0m
Completed 200 OK in 1ms (Views: 1.1ms | ActiveRecord: 0.2ms)


Started GET "/api/groups.json" for 127.0.0.1 at 2015-10-28 02:17:54 -0700
Processing by GroupsController#index as JSON
  [1m[35mGroup Load (0.2ms)[0m  SELECT "groups".* FROM "groups"
Completed 200 OK in 2ms (Views: 1.2ms | ActiveRecord: 0.2ms)


Started GET "/api/groups.json" for 127.0.0.1 at 2015-10-28 02:19:49 -0700
Processing by GroupsController#index as JSON
  [1m[36mGroup Load (0.2ms)[0m  [1mSELECT "groups".* FROM "groups"[0m
Completed 200 OK in 10ms (Views: 9.7ms | ActiveRecord: 0.2ms)


Started GET "/api/groups.json" for 127.0.0.1 at 2015-10-28 02:28:42 -0700
Processing by GroupsController#index as JSON
  [1m[35mGroup Load (0.3ms)[0m  SELECT "groups".* FROM "groups"
Completed 200 OK in 1ms (Views: 1.0ms | ActiveRecord: 0.3ms)


Started GET "/api/groups.json" for 127.0.0.1 at 2015-10-28 02:28:44 -0700
Processing by GroupsController#index as JSON
  [1m[36mGroup Load (0.2ms)[0m  [1mSELECT "groups".* FROM "groups"[0m
Completed 200 OK in 1ms (Views: 0.9ms | ActiveRecord: 0.2ms)


Started GET "/api/groups.json" for 127.0.0.1 at 2015-10-28 02:28:44 -0700
Processing by GroupsController#index as JSON
  [1m[35mGroup Load (0.2ms)[0m  SELECT "groups".* FROM "groups"
Completed 200 OK in 1ms (Views: 1.1ms | ActiveRecord: 0.2ms)


Started GET "/api/groups.json" for 127.0.0.1 at 2015-10-28 02:29:14 -0700
Processing by GroupsController#index as JSON
  [1m[36mGroup Load (0.3ms)[0m  [1mSELECT "groups".* FROM "groups"[0m
Completed 200 OK in 2ms (Views: 1.4ms | ActiveRecord: 0.3ms)


Started GET "/api/groups.json" for 127.0.0.1 at 2015-10-28 02:29:21 -0700
Processing by GroupsController#index as JSON
  [1m[35mGroup Load (0.2ms)[0m  SELECT "groups".* FROM "groups"
Completed 200 OK in 1ms (Views: 1.0ms | ActiveRecord: 0.2ms)


Started GET "/api/groups.json" for 127.0.0.1 at 2015-10-28 02:29:39 -0700
Processing by GroupsController#index as JSON
  [1m[36mGroup Load (0.2ms)[0m  [1mSELECT "groups".* FROM "groups"[0m
Completed 200 OK in 2ms (Views: 1.5ms | ActiveRecord: 0.2ms)


Started GET "/api/groups.json" for 127.0.0.1 at 2015-10-28 02:32:51 -0700
Processing by GroupsController#index as JSON
  [1m[35mGroup Load (0.2ms)[0m  SELECT "groups".* FROM "groups"
Completed 200 OK in 1ms (Views: 0.9ms | ActiveRecord: 0.2ms)


Started GET "/api/groups.json" for 127.0.0.1 at 2015-10-28 02:57:21 -0700
  [1m[36mActiveRecord::SchemaMigration Load (0.4ms)[0m  [1mSELECT "schema_migrations".* FROM "schema_migrations"[0m
Processing by GroupsController#index as JSON
  [1m[35mGroup Load (0.5ms)[0m  SELECT "groups".* FROM "groups"
Completed 200 OK in 7ms (Views: 3.6ms | ActiveRecord: 2.1ms)


Started GET "/api/groups.json" for 127.0.0.1 at 2015-10-28 03:08:45 -0700
  [1m[36mActiveRecord::SchemaMigration Load (0.3ms)[0m  [1mSELECT "schema_migrations".* FROM "schema_migrations"[0m
Processing by GroupsController#index as JSON
  [1m[35mGroup Load (0.4ms)[0m  SELECT "groups".* FROM "groups"
Completed 200 OK in 7ms (Views: 3.7ms | ActiveRecord: 1.9ms)


Started GET "/favicon.ico" for 127.0.0.1 at 2015-10-28 03:41:47 -0700
  [1m[36mActiveRecord::SchemaMigration Load (0.2ms)[0m  [1mSELECT "schema_migrations".* FROM "schema_migrations"[0m

ActionController::RoutingError (No route matches [GET] "/favicon.ico"):
  actionpack (4.2.4) lib/action_dispatch/middleware/debug_exceptions.rb:21:in `call'
  actionpack (4.2.4) lib/action_dispatch/middleware/show_exceptions.rb:30:in `call'
  railties (4.2.4) lib/rails/rack/logger.rb:38:in `call_app'
  railties (4.2.4) lib/rails/rack/logger.rb:20:in `block in call'
  activesupport (4.2.4) lib/active_support/tagged_logging.rb:68:in `block in tagged'
  activesupport (4.2.4) lib/active_support/tagged_logging.rb:26:in `tagged'
  activesupport (4.2.4) lib/active_support/tagged_logging.rb:68:in `tagged'
  railties (4.2.4) lib/rails/rack/logger.rb:20:in `call'
  actionpack (4.2.4) lib/action_dispatch/middleware/request_id.rb:21:in `call'
  rack (1.6.4) lib/rack/runtime.rb:18:in `call'
  activesupport (4.2.4) lib/active_support/cache/strategy/local_cache_middleware.rb:28:in `call'
  rack (1.6.4) lib/rack/lock.rb:17:in `call'
  actionpack (4.2.4) lib/action_dispatch/middleware/static.rb:116:in `call'
  railties (4.2.4) lib/rails/engine.rb:518:in `call'
  railties (4.2.4) lib/rails/application.rb:165:in `call'
  rack (1.6.4) lib/rack/lock.rb:17:in `call'
  rack (1.6.4) lib/rack/content_length.rb:15:in `call'
  rack (1.6.4) lib/rack/handler/webrick.rb:88:in `service'
  /Users/dh/.rbenv/versions/2.2.3/lib/ruby/2.2.0/webrick/httpserver.rb:138:in `service'
  /Users/dh/.rbenv/versions/2.2.3/lib/ruby/2.2.0/webrick/httpserver.rb:94:in `run'
  /Users/dh/.rbenv/versions/2.2.3/lib/ruby/2.2.0/webrick/server.rb:294:in `block in start_thread'


  Rendered /Users/dh/.rbenv/versions/2.2.3/lib/ruby/gems/2.2.0/gems/actionpack-4.2.4/lib/action_dispatch/middleware/templates/rescues/_trace.html.erb (1.5ms)
  Rendered /Users/dh/.rbenv/versions/2.2.3/lib/ruby/gems/2.2.0/gems/actionpack-4.2.4/lib/action_dispatch/middleware/templates/routes/_route.html.erb (0.8ms)
  Rendered /Users/dh/.rbenv/versions/2.2.3/lib/ruby/gems/2.2.0/gems/actionpack-4.2.4/lib/action_dispatch/middleware/templates/routes/_table.html.erb (8.0ms)
  Rendered /Users/dh/.rbenv/versions/2.2.3/lib/ruby/gems/2.2.0/gems/actionpack-4.2.4/lib/action_dispatch/middleware/templates/rescues/_request_and_response.html.erb (0.8ms)
  Rendered /Users/dh/.rbenv/versions/2.2.3/lib/ruby/gems/2.2.0/gems/actionpack-4.2.4/lib/action_dispatch/middleware/templates/rescues/routing_error.html.erb within rescues/layout (67.9ms)


Started GET "/api/groups" for 127.0.0.1 at 2015-10-28 03:41:50 -0700
Processing by GroupsController#index as HTML
  [1m[35mGroup Load (0.4ms)[0m  SELECT "groups".* FROM "groups"
Completed 200 OK in 7ms (Views: 4.0ms | ActiveRecord: 2.1ms)


Started GET "/api/groups.json" for 127.0.0.1 at 2015-10-28 03:44:55 -0700
  [1m[36mActiveRecord::SchemaMigration Load (0.3ms)[0m  [1mSELECT "schema_migrations".* FROM "schema_migrations"[0m
Processing by GroupsController#index as JSON
  [1m[35mGroup Load (0.4ms)[0m  SELECT "groups".* FROM "groups"
Completed 200 OK in 7ms (Views: 3.5ms | ActiveRecord: 2.0ms)
